{"type":"server-started","port":58889,"host":"127.0.0.1","url_host":"localhost","url":"http://localhost:58889","screen_dir":"/Users/pverscha/Documents/Metaproteomics_Initiative/metaproteomics.github.io/.superpowers/brainstorm/14304-1775649917/content","state_dir":"/Users/pverscha/Documents/Metaproteomics_Initiative/metaproteomics.github.io/.superpowers/brainstorm/14304-1775649917/state"}
{"type":"screen-added","file":"/Users/pverscha/Documents/Metaproteomics_Initiative/metaproteomics.github.io/.superpowers/brainstorm/14304-1775649917/content/approaches.html"}
{"source":"user-event","type":"click","text":"Navbar\n      \n        ▶ Award Banner\n      \n      \n        \n          \n          \n            \n            \n            \n          \n        \n        ↕ py-24 (96px)\n      \n      \n        \n        \n          \n          \n        \n        ↕ py-24 (96px)\n      \n      \n        \n        \n          \n          \n        \n        ↕ py-24 (96px)\n      \n      Footer · py-12\n    \n    \n      A — Uniform spacing\n      Every section gets the same vertical padding (py-24). Pure whitespace rhythm with no exceptions. Simple and highly predictable.\n      ★ Recommended","choice":"a","id":null,"timestamp":1775650361347}
{"type":"screen-added","file":"/Users/pverscha/Documents/Metaproteomics_Initiative/metaproteomics.github.io/.superpowers/brainstorm/14304-1775649917/content/design-section1.html"}
{"type":"screen-added","file":"/Users/pverscha/Documents/Metaproteomics_Initiative/metaproteomics.github.io/.superpowers/brainstorm/14304-1775649917/content/design-section2.html"}
{"type":"screen-added","file":"/Users/pverscha/Documents/Metaproteomics_Initiative/metaproteomics.github.io/.superpowers/brainstorm/14304-1775649917/content/design-section2b.html"}
{"source":"user-event","type":"click","text":"B\n    \n      Wrap in Container — border + text align with content\n      Footer content is wrapped in the same Container as the navbar and page sections. The border and text align precisely with the rest of the page.","choice":"b","id":null,"timestamp":1775650617199}
{"source":"user-event","type":"click","text":"A\n    \n      Full-viewport border, text centered\n      The top border spans the full page width. Text stays centered. Common footer pattern — the border acts as a page-end rule.","choice":"a","id":null,"timestamp":1775650625329}
{"source":"user-event","type":"click","text":"B\n    \n      Wrap in Container — border + text align with content\n      Footer content is wrapped in the same Container as the navbar and page sections. The border and text align precisely with the rest of the page.","choice":"b","id":null,"timestamp":1775650626020}
{"source":"user-event","type":"click","text":"A\n    \n      Full-viewport border, text centered\n      The top border spans the full page width. Text stays centered. Common footer pattern — the border acts as a page-end rule.","choice":"a","id":null,"timestamp":1775650626694}
{"source":"user-event","type":"click","text":"A\n    \n      Full-viewport border, text centered\n      The top border spans the full page width. Text stays centered. Common footer pattern — the border acts as a page-end rule.","choice":"a","id":null,"timestamp":1775650627503}
{"source":"user-event","type":"click","text":"A\n    \n      Full-viewport border, text centered\n      The top border spans the full page width. Text stays centered. Common footer pattern — the border acts as a page-end rule.","choice":"a","id":null,"timestamp":1775650627703}
{"source":"user-event","type":"click","text":"A\n    \n      Full-viewport border, text centered\n      The top border spans the full page width. Text stays centered. Common footer pattern — the border acts as a page-end rule.","choice":"a","id":null,"timestamp":1775650628620}
{"source":"user-event","type":"click","text":"B\n    \n      Wrap in Container — border + text align with content\n      Footer content is wrapped in the same Container as the navbar and page sections. The border and text align precisely with the rest of the page.","choice":"b","id":null,"timestamp":1775650628920}
{"source":"user-event","type":"click","text":"A\n    \n      Full-viewport border, text centered\n      The top border spans the full page width. Text stays centered. Common footer pattern — the border acts as a page-end rule.","choice":"a","id":null,"timestamp":1775650629236}
{"source":"user-event","type":"click","text":"A\n    \n      Full-viewport border, text centered\n      The top border spans the full page width. Text stays centered. Common footer pattern — the border acts as a page-end rule.","choice":"a","id":null,"timestamp":1775650630987}
{"source":"user-event","type":"click","text":"A\n    \n      Full-viewport border, text centered\n      The top border spans the full page width. Text stays centered. Common footer pattern — the border acts as a page-end rule.","choice":"a","id":null,"timestamp":1775650632603}
{"type":"screen-added","file":"/Users/pverscha/Documents/Metaproteomics_Initiative/metaproteomics.github.io/.superpowers/brainstorm/14304-1775649917/content/design-section3.html"}
{"type":"screen-added","file":"/Users/pverscha/Documents/Metaproteomics_Initiative/metaproteomics.github.io/.superpowers/brainstorm/14304-1775649917/content/waiting.html"}
{"type":"server-stopped","reason":"idle timeout"}
